<?xml version="1.0" encoding="UTF-8"?>
<testng-results ignored="1" total="2" passed="1" failed="0" skipped="0">
  <reporter-output>
  </reporter-output>
  <suite started-at="2024-05-21T19:29:24Z" name="Default suite" finished-at="2024-05-21T19:29:54Z" duration-ms="29947">
    <groups>
    </groups>
    <test started-at="2024-05-21T19:29:24Z" name="Default test" finished-at="2024-05-21T19:29:54Z" duration-ms="29947">
      <class name="mmt.HotelTest">
        <test-method is-config="true" signature="launchBrowser()[pri:0, instance:mmt.HotelTest@7a1a14a4]" started-at="2024-05-21T19:29:24Z" name="launchBrowser" finished-at="2024-05-21T19:29:38Z" duration-ms="14159" status="PASS">
          <reporter-output>
          </reporter-output>
        </test-method> <!-- launchBrowser -->
        <test-method signature="book()[pri:0, instance:mmt.HotelTest@7a1a14a4]" started-at="2024-05-21T19:29:38Z" name="book" finished-at="2024-05-21T19:29:54Z" duration-ms="15738" status="PASS">
          <reporter-output>
          </reporter-output>
        </test-method> <!-- book -->
      </class> <!-- mmt.HotelTest -->
    </test> <!-- Default test -->
  </suite> <!-- Default suite -->
</testng-results>
