<?xml version="1.0" encoding="UTF-8"?>
<!-- Generated by org.testng.reporters.JUnitXMLReporter -->
<testsuite ignored="2" hostname="LAPTOP" failures="0" tests="3" name="Test" time="96.414" errors="0" timestamp="22 May 2024 06:56:50 GMT">
  <testcase classname="com.goibibo.test.testScript.CabsTest" name="bookCab" time="15.601"/>
  <testcase classname="com.goibibo.test.testScript.FlightTest" name="buy" time="4.702"/>
  <testcase classname="com.goibibo.test.testScript.TrainsTest" name="train" time="18.531"/>
  <testcase classname="com.goibibo.generic.BaseUtility.BaseTest" name="@AfterSuite ConfigAs" time="0.0">
    <ignored/>
  </testcase> <!-- @AfterSuite ConfigAs -->
  <testcase classname="com.goibibo.generic.BaseUtility.BaseTest" name="@AfterSuite ConfigAs" time="0.0">
    <ignored/>
  </testcase> <!-- @AfterSuite ConfigAs -->
</testsuite> <!-- Test -->
