<?xml version="1.0" encoding="UTF-8"?>
<testng-results ignored="0" total="1" passed="1" failed="0" skipped="0">
  <reporter-output>
  </reporter-output>
  <suite started-at="2024-05-20T20:42:16Z" name="Default suite" finished-at="2024-05-20T20:42:31Z" duration-ms="14930">
    <groups>
    </groups>
    <test started-at="2024-05-20T20:42:16Z" name="Default test" finished-at="2024-05-20T20:42:31Z" duration-ms="14930">
      <class name="mmt.FlightTest">
        <test-method is-config="true" signature="launchBrowser()[pri:0, instance:mmt.FlightTest@7b420819]" started-at="2024-05-20T20:42:16Z" name="launchBrowser" finished-at="2024-05-20T20:42:24Z" duration-ms="7673" status="PASS">
          <reporter-output>
          </reporter-output>
        </test-method> <!-- launchBrowser -->
        <test-method signature="buy()[pri:0, instance:mmt.FlightTest@7b420819]" started-at="2024-05-20T20:42:24Z" name="buy" finished-at="2024-05-20T20:42:31Z" duration-ms="7188" status="PASS">
          <reporter-output>
          </reporter-output>
        </test-method> <!-- buy -->
      </class> <!-- mmt.FlightTest -->
    </test> <!-- Default test -->
  </suite> <!-- Default suite -->
</testng-results>
